<?xml version="1.0" encoding="UTF-8"?>
<!-- Generated by org.testng.reporters.JUnitReportReporter -->
<testsuite hostname="DESKTOP-4KVPIP2" failures="0" tests="2" name="test.LoginTest" time="18.325" errors="0" timestamp="19 Feb 2021 10:05:30 GMT" skipped="0">
  <testcase classname="test.LoginTest" name="shouldLoginFail" time="8.673"/>
  <testcase classname="test.LoginTest" name="shouldLoginSuccessfully" time="9.652"/>
</testsuite> <!-- test.LoginTest -->
