<?xml version="1.0" encoding="UTF-8"?>
<!-- Generated by org.testng.reporters.JUnitReportReporter -->
<testsuite hostname="DESKTOP-4KVPIP2" failures="0" tests="2" name="test.LoginTest" time="17.816" errors="0" timestamp="24 Feb 2021 04:27:07 GMT" skipped="1">
  <testcase classname="test.LoginTest" name="shouldLoginSuccessfully" time="17.816"/>
  <testcase classname="test.LoginTest" name="shouldLoginFail">
    <skipped/>
  </testcase> <!-- shouldLoginFail -->
</testsuite> <!-- test.LoginTest -->
